<?xml version="1.0" encoding="UTF-8"?>
<!-- Generated by org.testng.reporters.JUnitReportReporter -->
<testsuite hostname="tm-11" name="TestNGpack.Class1" tests="2" failures="0" timestamp="28 Jul 2016 02:34:09 GMT" time="0.047" errors="0">
  <testcase name="tc2" time="0.047" classname="TestNGpack.Class1"/>
  <testcase name="tc1" time="0.000" classname="TestNGpack.Class1"/>
</testsuite> <!-- TestNGpack.Class1 -->
