<?xml version="1.0" encoding="UTF-8"?>
<!-- Generated by org.testng.reporters.JUnitReportReporter -->
<testsuite hostname="tm-11" name="TestNGpack.Class2" tests="1" failures="0" timestamp="28 Jul 2016 02:34:09 GMT" time="0.000" errors="0">
  <testcase name="tc3" time="0.000" classname="TestNGpack.Class2"/>
</testsuite> <!-- TestNGpack.Class2 -->
