<?xml version="1.0" encoding="UTF-8"?>
<!-- Generated by org.testng.reporters.JUnitReportReporter -->
<testsuite hostname="t1" name="TestNGPack2.Class2" tests="4" failures="0" timestamp="13 Dec 2016 03:07:04 GMT" time="0.010" errors="0">
  <testcase name="TC3" time="0.006" classname="TestNGPack2.Class2"/>
  <testcase name="TC4" time="0.002" classname="TestNGPack2.Class2"/>
  <testcase name="TC3" time="0.001" classname="TestNGPack2.Class2"/>
  <testcase name="TC4" time="0.001" classname="TestNGPack2.Class2"/>
</testsuite> <!-- TestNGPack2.Class2 -->
