<?xml version="1.0" encoding="UTF-8"?>
<!-- Generated by org.testng.reporters.JUnitReportReporter -->
<testsuite hostname="t1" name="TestNGpack.DataProviderEx" tests="3" failures="0" timestamp="5 Jul 2017 03:48:18 GMT" time="9.581" errors="0">
  <testcase name="SearchMethod" time="3.080" classname="TestNGpack.DataProviderEx"/>
  <testcase name="SearchMethod" time="3.071" classname="TestNGpack.DataProviderEx"/>
  <testcase name="SearchMethod" time="3.430" classname="TestNGpack.DataProviderEx"/>
</testsuite> <!-- TestNGpack.DataProviderEx -->
