<?xml version="1.0" encoding="UTF-8"?>
<!-- Generated by org.testng.reporters.JUnitReportReporter -->
<testsuite hostname="t1" name="Grid.GridParallel" tests="3" failures="0" timestamp="12 Jul 2017 04:12:04 GMT" time="86.456" errors="1">
  <testcase name="TC2" time="15.494" classname="Grid.GridParallel"/>
  <testcase name="TC3" time="22.680" classname="Grid.GridParallel"/>
  <testcase name="TC1" time="48.282" classname="Grid.GridParallel">
    <error type="org.openqa.selenium.WebDriverException" message="Unable to connect to host 127.0.0.1 on port 7055 after 45000 ms. Firefox console output:
&quot;:null,&quot;icon64URL&quot;:null,&quot;defaultLocale&quot;:{&quot;name&quot;:&quot;Default&quot;,&quot;description&quot;:&quot;The default theme.&quot;,&quot;creator&quot;:&quot;Mozilla&quot;,&quot;homepageURL&quot;:null,&quot;contributors&quot;:[&quot;Mozilla Contributors&quot;]},&quot;visible&quot;:true,&quot;active&quot;:true,&quot;userDisabled&quot;:false,&quot;appDisabled&quot;:false,&quot;descriptor&quot;:&quot;C:\\Program Files (x86)\\Mozilla Firefox\\browser\\extensions\\{972ce4c6-7e08-4474-a285-3208198ce6fd}.xpi&quot;,&quot;installDate&quot;:1498894410442,&quot;updateDate&quot;:1498894410442,&quot;applyBackgroundUpdates&quot;:1,&quot;skinnable&quot;:true,&quot;size&quot;:22012,&quot;sourceURI&quot;:null,&quot;releaseNotesURI&quot;:null,&quot;softDisabled&quot;:false,&quot;foreignInstall&quot;:false,&quot;hasBinaryComponents&quot;:false,&quot;strictCompatibility&quot;:true,&quot;locales&quot;:[],&quot;targetApplications&quot;:[{&quot;id&quot;:&quot;{ec8030f7-c20a-464f-9b0e-13a3a9e97384}&quot;,&quot;minVersion&quot;:&quot;47.0.2&quot;,&quot;maxVersion&quot;:&quot;47.0.2&quot;}],&quot;targetPlatforms&quot;:[],&quot;seen&quot;:true}
1499832686273	addons.xpi	DEBUG	getModTime: Recursive scan of {972ce4c6-7e08-4474-a285-3208198ce6fd}
1499832686274	DeferredSave.extensions.json	DEBUG	Save changes
1499832686274	addons.xpi	DEBUG	Updating database with changes to installed add-ons
1499832686274	addons.xpi-utils	DEBUG	Updating add-on states
1499832686276	addons.xpi-utils	DEBUG	Writing add-ons list
1499832686284	addons.xpi	DEBUG	Registering manifest for C:\Program Files (x86)\Mozilla Firefox\browser\features\e10srollout@mozilla.org.xpi
1499832686285	addons.xpi	DEBUG	Calling bootstrap method startup on e10srollout@mozilla.org version 1.0
1499832686285	addons.xpi	DEBUG	Registering manifest for C:\Program Files (x86)\Mozilla Firefox\browser\features\firefox@getpocket.com.xpi
1499832686286	addons.xpi	DEBUG	Calling bootstrap method startup on firefox@getpocket.com version 1.0.2
1499832686287	addons.xpi	DEBUG	Registering manifest for C:\Program Files (x86)\Mozilla Firefox\browser\features\loop@mozilla.org.xpi
1499832686288	addons.xpi	DEBUG	Calling bootstrap method startup on loop@mozilla.org version 1.3.2
1499832686313	addons.xpi	DEBUG	Registering manifest for C:\Program Files (x86)\Mozilla Firefox\browser\features\websensehelper@mozilla.org.xpi
1499832686314	addons.xpi	DEBUG	Calling bootstrap method startup on websensehelper@mozilla.org version 1.0
1499832686317	addons.manager	DEBUG	Registering shutdown blocker for XPIProvider
1499832686317	addons.manager	DEBUG	Provider finished startup: XPIProvider
1499832686317	addons.manager	DEBUG	Starting provider: LightweightThemeManager
1499832686318	addons.manager	DEBUG	Registering shutdown blocker for LightweightThemeManager
1499832686318	addons.manager	DEBUG	Provider finished startup: LightweightThemeManager
1499832686318	addons.manager	DEBUG	Starting provider: GMPProvider
1499832686325	addons.manager	DEBUG	Registering shutdown blocker for GMPProvider
1499832686325	addons.manager	DEBUG	Provider finished startup: GMPProvider
1499832686325	addons.manager	DEBUG	Starting provider: PluginProvider
1499832686325	addons.manager	DEBUG	Registering shutdown blocker for PluginProvider
1499832686326	addons.manager	DEBUG	Provider finished startup: PluginProvider
1499832686326	addons.manager	DEBUG	Completed startup sequence
1499832689181	DeferredSave.extensions.json	DEBUG	Starting write
1499832689190	addons.manager	DEBUG	Starting provider: &lt;unnamed-provider&gt;
1499832689190	addons.manager	DEBUG	Registering shutdown blocker for &lt;unnamed-provider&gt;
1499832689191	addons.manager	DEBUG	Provider finished startup: &lt;unnamed-provider&gt;
1499832689734	addons.repository	DEBUG	No addons.json found.
1499832689734	DeferredSave.addons.json	DEBUG	Save changes
1499832689737	DeferredSave.addons.json	DEBUG	Starting timer
1499832689769	addons.manager	DEBUG	Starting provider: PreviousExperimentProvider
1499832689769	addons.manager	DEBUG	Registering shutdown blocker for PreviousExperimentProvider
1499832689769	addons.manager	DEBUG	Provider finished startup: PreviousExperimentProvider
1499832689771	DeferredSave.extensions.json	DEBUG	Write succeeded
1499832689772	addons.xpi-utils	DEBUG	XPI Database saved, setting schema version preference to 17
1499832689804	DeferredSave.addons.json	DEBUG	Starting write
1499832690010	DeferredSave.addons.json	DEBUG	Write succeeded

Command duration or timeout: 47.46 seconds
Build info: version: &#039;2.53.0&#039;, revision: &#039;35ae25b&#039;, time: &#039;2016-03-15 17:00:58&#039;
System info: host: &#039;t1&#039;, ip: &#039;192.168.0.134&#039;, os.name: &#039;Windows 7&#039;, os.arch: &#039;amd64&#039;, os.version: &#039;6.1&#039;, java.version: &#039;1.8.0_111&#039;
Driver info: org.openqa.selenium.remote.RemoteWebDriver">
      <![CDATA[org.openqa.selenium.WebDriverException: Unable to connect to host 127.0.0.1 on port 7055 after 45000 ms. Firefox console output:
":null,"icon64URL":null,"defaultLocale":{"name":"Default","description":"The default theme.","creator":"Mozilla","homepageURL":null,"contributors":["Mozilla Contributors"]},"visible":true,"active":true,"userDisabled":false,"appDisabled":false,"descriptor":"C:\\Program Files (x86)\\Mozilla Firefox\\browser\\extensions\\{972ce4c6-7e08-4474-a285-3208198ce6fd}.xpi","installDate":1498894410442,"updateDate":1498894410442,"applyBackgroundUpdates":1,"skinnable":true,"size":22012,"sourceURI":null,"releaseNotesURI":null,"softDisabled":false,"foreignInstall":false,"hasBinaryComponents":false,"strictCompatibility":true,"locales":[],"targetApplications":[{"id":"{ec8030f7-c20a-464f-9b0e-13a3a9e97384}","minVersion":"47.0.2","maxVersion":"47.0.2"}],"targetPlatforms":[],"seen":true}
1499832686273	addons.xpi	DEBUG	getModTime: Recursive scan of {972ce4c6-7e08-4474-a285-3208198ce6fd}
1499832686274	DeferredSave.extensions.json	DEBUG	Save changes
1499832686274	addons.xpi	DEBUG	Updating database with changes to installed add-ons
1499832686274	addons.xpi-utils	DEBUG	Updating add-on states
1499832686276	addons.xpi-utils	DEBUG	Writing add-ons list
1499832686284	addons.xpi	DEBUG	Registering manifest for C:\Program Files (x86)\Mozilla Firefox\browser\features\e10srollout@mozilla.org.xpi
1499832686285	addons.xpi	DEBUG	Calling bootstrap method startup on e10srollout@mozilla.org version 1.0
1499832686285	addons.xpi	DEBUG	Registering manifest for C:\Program Files (x86)\Mozilla Firefox\browser\features\firefox@getpocket.com.xpi
1499832686286	addons.xpi	DEBUG	Calling bootstrap method startup on firefox@getpocket.com version 1.0.2
1499832686287	addons.xpi	DEBUG	Registering manifest for C:\Program Files (x86)\Mozilla Firefox\browser\features\loop@mozilla.org.xpi
1499832686288	addons.xpi	DEBUG	Calling bootstrap method startup on loop@mozilla.org version 1.3.2
1499832686313	addons.xpi	DEBUG	Registering manifest for C:\Program Files (x86)\Mozilla Firefox\browser\features\websensehelper@mozilla.org.xpi
1499832686314	addons.xpi	DEBUG	Calling bootstrap method startup on websensehelper@mozilla.org version 1.0
1499832686317	addons.manager	DEBUG	Registering shutdown blocker for XPIProvider
1499832686317	addons.manager	DEBUG	Provider finished startup: XPIProvider
1499832686317	addons.manager	DEBUG	Starting provider: LightweightThemeManager
1499832686318	addons.manager	DEBUG	Registering shutdown blocker for LightweightThemeManager
1499832686318	addons.manager	DEBUG	Provider finished startup: LightweightThemeManager
1499832686318	addons.manager	DEBUG	Starting provider: GMPProvider
1499832686325	addons.manager	DEBUG	Registering shutdown blocker for GMPProvider
1499832686325	addons.manager	DEBUG	Provider finished startup: GMPProvider
1499832686325	addons.manager	DEBUG	Starting provider: PluginProvider
1499832686325	addons.manager	DEBUG	Registering shutdown blocker for PluginProvider
1499832686326	addons.manager	DEBUG	Provider finished startup: PluginProvider
1499832686326	addons.manager	DEBUG	Completed startup sequence
1499832689181	DeferredSave.extensions.json	DEBUG	Starting write
1499832689190	addons.manager	DEBUG	Starting provider: <unnamed-provider>
1499832689190	addons.manager	DEBUG	Registering shutdown blocker for <unnamed-provider>
1499832689191	addons.manager	DEBUG	Provider finished startup: <unnamed-provider>
1499832689734	addons.repository	DEBUG	No addons.json found.
1499832689734	DeferredSave.addons.json	DEBUG	Save changes
1499832689737	DeferredSave.addons.json	DEBUG	Starting timer
1499832689769	addons.manager	DEBUG	Starting provider: PreviousExperimentProvider
1499832689769	addons.manager	DEBUG	Registering shutdown blocker for PreviousExperimentProvider
1499832689769	addons.manager	DEBUG	Provider finished startup: PreviousExperimentProvider
1499832689771	DeferredSave.extensions.json	DEBUG	Write succeeded
1499832689772	addons.xpi-utils	DEBUG	XPI Database saved, setting schema version preference to 17
1499832689804	DeferredSave.addons.json	DEBUG	Starting write
1499832690010	DeferredSave.addons.json	DEBUG	Write succeeded

Command duration or timeout: 47.46 seconds
Build info: version: '2.53.0', revision: '35ae25b', time: '2016-03-15 17:00:58'
System info: host: 't1', ip: '192.168.0.134', os.name: 'Windows 7', os.arch: 'amd64', os.version: '6.1', java.version: '1.8.0_111'
Driver info: org.openqa.selenium.remote.RemoteWebDriver
	at sun.reflect.NativeConstructorAccessorImpl.newInstance0(Native Method)
	at sun.reflect.NativeConstructorAccessorImpl.newInstance(Unknown Source)
	at sun.reflect.DelegatingConstructorAccessorImpl.newInstance(Unknown Source)
	at java.lang.reflect.Constructor.newInstance(Unknown Source)
	at org.openqa.selenium.remote.ErrorHandler.createThrowable(ErrorHandler.java:206)
	at org.openqa.selenium.remote.ErrorHandler.throwIfResponseFailed(ErrorHandler.java:158)
	at org.openqa.selenium.remote.RemoteWebDriver.execute(RemoteWebDriver.java:678)
	at org.openqa.selenium.remote.RemoteWebDriver.startSession(RemoteWebDriver.java:249)
	at org.openqa.selenium.remote.RemoteWebDriver.<init>(RemoteWebDriver.java:131)
	at org.openqa.selenium.remote.RemoteWebDriver.<init>(RemoteWebDriver.java:158)
	at Grid.GridParallel.TC1(GridParallel.java:23)
	at sun.reflect.NativeMethodAccessorImpl.invoke0(Native Method)
	at sun.reflect.NativeMethodAccessorImpl.invoke(Unknown Source)
	at sun.reflect.DelegatingMethodAccessorImpl.invoke(Unknown Source)
	at java.lang.reflect.Method.invoke(Unknown Source)
	at org.testng.internal.MethodInvocationHelper.invokeMethod(MethodInvocationHelper.java:85)
	at org.testng.internal.Invoker.invokeMethod(Invoker.java:639)
	at org.testng.internal.Invoker.invokeTestMethod(Invoker.java:816)
	at org.testng.internal.Invoker.invokeTestMethods(Invoker.java:1124)
	at org.testng.internal.TestMethodWorker.invokeTestMethods(TestMethodWorker.java:125)
	at org.testng.internal.TestMethodWorker.run(TestMethodWorker.java:108)
	at java.util.concurrent.ThreadPoolExecutor.runWorker(Unknown Source)
	at java.util.concurrent.ThreadPoolExecutor$Worker.run(Unknown Source)
	at java.lang.Thread.run(Unknown Source)
Caused by: org.openqa.selenium.remote.ErrorHandler$UnknownServerException: Unable to connect to host 127.0.0.1 on port 7055 after 45000 ms. Firefox console output:
":null,"icon64URL":null,"defaultLocale":{"name":"Default","description":"The default theme.","creator":"Mozilla","homepageURL":null,"contributors":["Mozilla Contributors"]},"visible":true,"active":true,"userDisabled":false,"appDisabled":false,"descriptor":"C:\\Program Files (x86)\\Mozilla Firefox\\browser\\extensions\\{972ce4c6-7e08-4474-a285-3208198ce6fd}.xpi","installDate":1498894410442,"updateDate":1498894410442,"applyBackgroundUpdates":1,"skinnable":true,"size":22012,"sourceURI":null,"releaseNotesURI":null,"softDisabled":false,"foreignInstall":false,"hasBinaryComponents":false,"strictCompatibility":true,"locales":[],"targetApplications":[{"id":"{ec8030f7-c20a-464f-9b0e-13a3a9e97384}","minVersion":"47.0.2","maxVersion":"47.0.2"}],"targetPlatforms":[],"seen":true}
1499832686273	addons.xpi	DEBUG	getModTime: Recursive scan of {972ce4c6-7e08-4474-a285-3208198ce6fd}
1499832686274	DeferredSave.extensions.json	DEBUG	Save changes
1499832686274	addons.xpi	DEBUG	Updating database with changes to installed add-ons
1499832686274	addons.xpi-utils	DEBUG	Updating add-on states
1499832686276	addons.xpi-utils	DEBUG	Writing add-ons list
1499832686284	addons.xpi	DEBUG	Registering manifest for C:\Program Files (x86)\Mozilla Firefox\browser\features\e10srollout@mozilla.org.xpi
1499832686285	addons.xpi	DEBUG	Calling bootstrap method startup on e10srollout@mozilla.org version 1.0
1499832686285	addons.xpi	DEBUG	Registering manifest for C:\Program Files (x86)\Mozilla Firefox\browser\features\firefox@getpocket.com.xpi
1499832686286	addons.xpi	DEBUG	Calling bootstrap method startup on firefox@getpocket.com version 1.0.2
1499832686287	addons.xpi	DEBUG	Registering manifest for C:\Program Files (x86)\Mozilla Firefox\browser\features\loop@mozilla.org.xpi
1499832686288	addons.xpi	DEBUG	Calling bootstrap method startup on loop@mozilla.org version 1.3.2
1499832686313	addons.xpi	DEBUG	Registering manifest for C:\Program Files (x86)\Mozilla Firefox\browser\features\websensehelper@mozilla.org.xpi
1499832686314	addons.xpi	DEBUG	Calling bootstrap method startup on websensehelper@mozilla.org version 1.0
1499832686317	addons.manager	DEBUG	Registering shutdown blocker for XPIProvider
1499832686317	addons.manager	DEBUG	Provider finished startup: XPIProvider
1499832686317	addons.manager	DEBUG	Starting provider: LightweightThemeManager
1499832686318	addons.manager	DEBUG	Registering shutdown blocker for LightweightThemeManager
1499832686318	addons.manager	DEBUG	Provider finished startup: LightweightThemeManager
1499832686318	addons.manager	DEBUG	Starting provider: GMPProvider
1499832686325	addons.manager	DEBUG	Registering shutdown blocker for GMPProvider
1499832686325	addons.manager	DEBUG	Provider finished startup: GMPProvider
1499832686325	addons.manager	DEBUG	Starting provider: PluginProvider
1499832686325	addons.manager	DEBUG	Registering shutdown blocker for PluginProvider
1499832686326	addons.manager	DEBUG	Provider finished startup: PluginProvider
1499832686326	addons.manager	DEBUG	Completed startup sequence
1499832689181	DeferredSave.extensions.json	DEBUG	Starting write
1499832689190	addons.manager	DEBUG	Starting provider: <unnamed-provider>
1499832689190	addons.manager	DEBUG	Registering shutdown blocker for <unnamed-provider>
1499832689191	addons.manager	DEBUG	Provider finished startup: <unnamed-provider>
1499832689734	addons.repository	DEBUG	No addons.json found.
1499832689734	DeferredSave.addons.json	DEBUG	Save changes
1499832689737	DeferredSave.addons.json	DEBUG	Starting timer
1499832689769	addons.manager	DEBUG	Starting provider: PreviousExperimentProvider
1499832689769	addons.manager	DEBUG	Registering shutdown blocker for PreviousExperimentProvider
1499832689769	addons.manager	DEBUG	Provider finished startup: PreviousExperimentProvider
1499832689771	DeferredSave.extensions.json	DEBUG	Write succeeded
1499832689772	addons.xpi-utils	DEBUG	XPI Database saved, setting schema version preference to 17
1499832689804	DeferredSave.addons.json	DEBUG	Starting write
1499832690010	DeferredSave.addons.json	DEBUG	Write succeeded

Build info: version: '2.53.0', revision: '35ae25b', time: '2016-03-15 17:00:58'
System info: host: 't1', ip: '192.168.0.134', os.name: 'Windows 7', os.arch: 'amd64', os.version: '6.1', java.version: '1.8.0_111'
Driver info: driver.version: FirefoxDriver
	at org.openqa.selenium.firefox.internal.NewProfileExtensionConnection.start(NewProfileExtensionConnection.java:112)
	at org.openqa.selenium.firefox.FirefoxDriver.startClient(FirefoxDriver.java:271)
	at org.openqa.selenium.remote.RemoteWebDriver.<init>(RemoteWebDriver.java:119)
	at org.openqa.selenium.firefox.FirefoxDriver.<init>(FirefoxDriver.java:218)
	at org.openqa.selenium.firefox.FirefoxDriver.<init>(FirefoxDriver.java:211)
	at org.openqa.selenium.firefox.FirefoxDriver.<init>(FirefoxDriver.java:129)
	at sun.reflect.NativeConstructorAccessorImpl.newInstance0(Native Method)
	at sun.reflect.NativeConstructorAccessorImpl.newInstance(Unknown Source)
	at sun.reflect.DelegatingConstructorAccessorImpl.newInstance(Unknown Source)
	at java.lang.reflect.Constructor.newInstance(Unknown Source)
	at org.openqa.selenium.remote.server.FirefoxDriverProvider.callConstructor(FirefoxDriverProvider.java:91)
	at org.openqa.selenium.remote.server.FirefoxDriverProvider.newInstance(FirefoxDriverProvider.java:68)
	at org.openqa.selenium.remote.server.DefaultDriverFactory.newInstance(DefaultDriverFactory.java:60)
	at org.openqa.selenium.remote.server.DefaultSession$BrowserCreator.call(DefaultSession.java:222)
	at org.openqa.selenium.remote.server.DefaultSession$BrowserCreator.call(DefaultSession.java:1)
	at java.util.concurrent.FutureTask.run(Unknown Source)
	at org.openqa.selenium.remote.server.DefaultSession$1.run(DefaultSession.java:176)
	... 3 more
]]>
    </error>
  </testcase> <!-- TC1 -->
</testsuite> <!-- Grid.GridParallel -->
